Build started 1/26/2015 1:48:37 PM.
     1>Project "D:\C & C++\Minesweeper (SFML)\Minesweeper (SFML)\Minesweeper (SFML).vcxproj" on node 2 (Build target(s)).
     1>ClCompile:
         C:\Program Files (x86)\Microsoft Visual Studio 12.0\VC\bin\CL.exe /c /I"C:\SFML\SFML-2.1\include" /ZI /nologo /W3 /WX- /sdl /Od /Oy- /D WIN32 /D _DEBUG /D _CONSOLE /D _LIB /D _UNICODE /D UNICODE /Gm /EHsc /RTC1 /MDd /GS /fp:precise /Zc:wchar_t /Zc:forScope /Fo"Debug\\" /Fd"Debug\vc120.pdb" /Gd /TP /analyze- /errorReport:prompt Main.cpp
         Main.cpp
     1>d:\c & c++\minesweeper (sfml)\minesweeper (sfml)\main.cpp(109): warning C4244: 'argument' : conversion from 'time_t' to 'unsigned int', possible loss of data
     1>d:\c & c++\minesweeper (sfml)\minesweeper (sfml)\main.cpp(554): warning C4244: 'argument' : conversion from 'unsigned int' to 'float', possible loss of data
     1>d:\c & c++\minesweeper (sfml)\minesweeper (sfml)\main.cpp(557): warning C4244: 'argument' : conversion from 'const float' to 'int', possible loss of data
     1>d:\c & c++\minesweeper (sfml)\minesweeper (sfml)\main.cpp(566): warning C4244: 'argument' : conversion from 'const int' to 'float', possible loss of data
     1>d:\c & c++\minesweeper (sfml)\minesweeper (sfml)\main.cpp(572): warning C4244: 'argument' : conversion from 'const int' to 'float', possible loss of data
     1>d:\c & c++\minesweeper (sfml)\minesweeper (sfml)\main.cpp(612): warning C4244: 'argument' : conversion from 'double' to 'float', possible loss of data
     1>d:\c & c++\minesweeper (sfml)\minesweeper (sfml)\main.cpp(615): warning C4244: 'argument' : conversion from 'double' to 'float', possible loss of data
     1>d:\c & c++\minesweeper (sfml)\minesweeper (sfml)\main.cpp(643): warning C4244: 'argument' : conversion from 'double' to 'float', possible loss of data
     1>d:\c & c++\minesweeper (sfml)\minesweeper (sfml)\main.cpp(643): warning C4244: 'argument' : conversion from 'unsigned int' to 'float', possible loss of data
     1>d:\c & c++\minesweeper (sfml)\minesweeper (sfml)\main.cpp(707): warning C4244: 'initializing' : conversion from 'double' to 'int', possible loss of data
     1>d:\c & c++\minesweeper (sfml)\minesweeper (sfml)\main.cpp(711): warning C4244: 'argument' : conversion from 'double' to 'unsigned int', possible loss of data
     1>d:\c & c++\minesweeper (sfml)\minesweeper (sfml)\main.cpp(712): warning C4244: 'argument' : conversion from 'double' to 'float', possible loss of data
     1>d:\c & c++\minesweeper (sfml)\minesweeper (sfml)\main.cpp(712): warning C4244: 'argument' : conversion from 'int' to 'float', possible loss of data
     1>d:\c & c++\minesweeper (sfml)\minesweeper (sfml)\main.cpp(729): warning C4244: 'initializing' : conversion from 'int' to 'const float', possible loss of data
     1>d:\c & c++\minesweeper (sfml)\minesweeper (sfml)\main.cpp(730): warning C4244: 'initializing' : conversion from 'int' to 'const float', possible loss of data
     1>d:\c & c++\minesweeper (sfml)\minesweeper (sfml)\main.cpp(771): warning C4244: 'argument' : conversion from 'unsigned int' to 'float', possible loss of data
     1>d:\c & c++\minesweeper (sfml)\minesweeper (sfml)\main.cpp(774): warning C4244: 'argument' : conversion from 'unsigned int' to 'float', possible loss of data
     1>d:\c & c++\minesweeper (sfml)\minesweeper (sfml)\main.cpp(777): warning C4244: 'argument' : conversion from 'unsigned int' to 'float', possible loss of data
     1>d:\c & c++\minesweeper (sfml)\minesweeper (sfml)\main.cpp(826): warning C4244: 'argument' : conversion from 'unsigned int' to 'float', possible loss of data
     1>d:\c & c++\minesweeper (sfml)\minesweeper (sfml)\main.cpp(829): warning C4244: 'argument' : conversion from 'unsigned int' to 'float', possible loss of data
     1>d:\c & c++\minesweeper (sfml)\minesweeper (sfml)\main.cpp(832): warning C4244: 'argument' : conversion from 'unsigned int' to 'float', possible loss of data
     1>d:\c & c++\minesweeper (sfml)\minesweeper (sfml)\main.cpp(878): warning C4244: 'argument' : conversion from 'unsigned int' to 'float', possible loss of data
     1>d:\c & c++\minesweeper (sfml)\minesweeper (sfml)\main.cpp(882): warning C4244: 'argument' : conversion from 'unsigned int' to 'float', possible loss of data
     1>d:\c & c++\minesweeper (sfml)\minesweeper (sfml)\main.cpp(910): warning C4244: 'argument' : conversion from 'unsigned int' to 'float', possible loss of data
     1>d:\c & c++\minesweeper (sfml)\minesweeper (sfml)\main.cpp(972): warning C4101: 'event' : unreferenced local variable
     1>d:\c & c++\minesweeper (sfml)\minesweeper (sfml)\main.cpp(757): warning C4715: 'playGame' : not all control paths return a value
       Link:
         C:\Program Files (x86)\Microsoft Visual Studio 12.0\VC\bin\link.exe /ERRORREPORT:PROMPT /OUT:"D:\C & C++\Minesweeper (SFML)\Debug\Minesweeper (SFML).exe" /INCREMENTAL /NOLOGO /LIBPATH:"C:\SFML\SFML-2.1\Libs\Debug" "sfml-graphics-d.lib" "sfml-window-d.lib" "sfml-system-d.lib" kernel32.lib user32.lib gdi32.lib winspool.lib comdlg32.lib advapi32.lib shell32.lib ole32.lib oleaut32.lib uuid.lib odbc32.lib odbccp32.lib /MANIFEST /MANIFESTUAC:"level='asInvoker' uiAccess='false'" /manifest:embed /DEBUG /PDB:"D:\C & C++\Minesweeper (SFML)\Debug\Minesweeper (SFML).pdb" /SUBSYSTEM:CONSOLE /TLBID:1 /DYNAMICBASE /NXCOMPAT /IMPLIB:"D:\C & C++\Minesweeper (SFML)\Debug\Minesweeper (SFML).lib" /MACHINE:X86 "Debug\Minesweeper (SFML).res"
         Debug\Main.obj
         Minesweeper (SFML).vcxproj -> D:\C & C++\Minesweeper (SFML)\Debug\Minesweeper (SFML).exe
     1>Done Building Project "D:\C & C++\Minesweeper (SFML)\Minesweeper (SFML)\Minesweeper (SFML).vcxproj" (Build target(s)).

Build succeeded.

Time Elapsed 00:00:04.82
