Build started 1/26/2015 2:11:03 PM.
     1>Project "D:\C & C++\Minesweeper (SFML)\Minesweeper (SFML)\Minesweeper (SFML).vcxproj" on node 2 (Build target(s)).
     1>ClCompile:
         C:\Program Files (x86)\Microsoft Visual Studio 12.0\VC\bin\CL.exe /c /I"C:\SFML\SFML-2.1\include" /Zi /nologo /W3 /WX- /sdl /O2 /Oi /Oy- /GL /D WIN32 /D NDEBUG /D _CONSOLE /D _LIB /D SFML_STATIC /D _UNICODE /D UNICODE /Gm- /EHsc /MT /GS /Gy /fp:precise /Zc:wchar_t /Zc:forScope /Fo"Release Static\\" /Fd"Release Static\vc120.pdb" /Gd /TP /analyze- /errorReport:prompt Main.cpp
         Main.cpp
     1>Main.cpp(109): warning C4244: 'argument' : conversion from 'time_t' to 'unsigned int', possible loss of data
     1>Main.cpp(554): warning C4244: 'argument' : conversion from 'unsigned int' to 'float', possible loss of data
     1>Main.cpp(557): warning C4244: 'argument' : conversion from 'const float' to 'int', possible loss of data
     1>Main.cpp(566): warning C4244: 'argument' : conversion from 'const int' to 'float', possible loss of data
     1>Main.cpp(572): warning C4244: 'argument' : conversion from 'const int' to 'float', possible loss of data
     1>Main.cpp(612): warning C4244: 'argument' : conversion from 'double' to 'float', possible loss of data
     1>Main.cpp(615): warning C4244: 'argument' : conversion from 'double' to 'float', possible loss of data
     1>Main.cpp(643): warning C4244: 'argument' : conversion from 'double' to 'float', possible loss of data
     1>Main.cpp(643): warning C4244: 'argument' : conversion from 'unsigned int' to 'float', possible loss of data
     1>Main.cpp(707): warning C4244: 'initializing' : conversion from 'double' to 'int', possible loss of data
     1>Main.cpp(711): warning C4244: 'argument' : conversion from 'double' to 'unsigned int', possible loss of data
     1>Main.cpp(712): warning C4244: 'argument' : conversion from 'double' to 'float', possible loss of data
     1>Main.cpp(712): warning C4244: 'argument' : conversion from 'int' to 'float', possible loss of data
     1>Main.cpp(729): warning C4244: 'initializing' : conversion from 'int' to 'const float', possible loss of data
     1>Main.cpp(730): warning C4244: 'initializing' : conversion from 'int' to 'const float', possible loss of data
     1>Main.cpp(771): warning C4244: 'argument' : conversion from 'unsigned int' to 'float', possible loss of data
     1>Main.cpp(774): warning C4244: 'argument' : conversion from 'unsigned int' to 'float', possible loss of data
     1>Main.cpp(777): warning C4244: 'argument' : conversion from 'unsigned int' to 'float', possible loss of data
     1>Main.cpp(826): warning C4244: 'argument' : conversion from 'unsigned int' to 'float', possible loss of data
     1>Main.cpp(829): warning C4244: 'argument' : conversion from 'unsigned int' to 'float', possible loss of data
     1>Main.cpp(832): warning C4244: 'argument' : conversion from 'unsigned int' to 'float', possible loss of data
     1>Main.cpp(878): warning C4244: 'argument' : conversion from 'unsigned int' to 'float', possible loss of data
     1>Main.cpp(882): warning C4244: 'argument' : conversion from 'unsigned int' to 'float', possible loss of data
     1>Main.cpp(910): warning C4244: 'argument' : conversion from 'unsigned int' to 'float', possible loss of data
     1>Main.cpp(972): warning C4101: 'event' : unreferenced local variable
       Link:
         C:\Program Files (x86)\Microsoft Visual Studio 12.0\VC\bin\link.exe /ERRORREPORT:PROMPT /OUT:"D:\C & C++\Minesweeper (SFML)\Release Static\Minesweeper (SFML).exe" /INCREMENTAL:NO /NOLOGO /LIBPATH:"C:\SFML\SFML-2.1\extlibs\libs-msvc\x86" /LIBPATH:"C:\SFML\SFML-2.1\Staitc Libs\Release" "sfml-graphics-s.lib" "sfml-window-s.lib" "sfml-system-s.lib" kernel32.lib user32.lib gdi32.lib winspool.lib comdlg32.lib advapi32.lib shell32.lib ole32.lib oleaut32.lib uuid.lib odbc32.lib odbccp32.lib /MANIFEST /MANIFESTUAC:"level='asInvoker' uiAccess='false'" /manifest:embed /DEBUG /PDB:"D:\C & C++\Minesweeper (SFML)\Release Static\Minesweeper (SFML).pdb" /SUBSYSTEM:CONSOLE /OPT:REF /OPT:ICF /LTCG /TLBID:1 /DYNAMICBASE /NXCOMPAT /IMPLIB:"D:\C & C++\Minesweeper (SFML)\Release Static\Minesweeper (SFML).lib" /MACHINE:X86 /SAFESEH "Release Static\Minesweeper (SFML).res"
         "Release Static\Main.obj"
         Generating code
     1>d:\c & c++\minesweeper (sfml)\minesweeper (sfml)\main.cpp(757): warning C4715: 'playGame' : not all control paths return a value
         Finished generating code
         Minesweeper (SFML).vcxproj -> D:\C & C++\Minesweeper (SFML)\Release Static\Minesweeper (SFML).exe
     1>Done Building Project "D:\C & C++\Minesweeper (SFML)\Minesweeper (SFML)\Minesweeper (SFML).vcxproj" (Build target(s)).

Build succeeded.

Time Elapsed 00:00:03.53
