Build started 1/17/2015 10:19:40 AM.
     1>Project "D:\C & C++\Minesweeper (SFML)\Minesweeper (SFML)\Minesweeper (SFML).vcxproj" on node 2 (Build target(s)).
     1>ClCompile:
         C:\Program Files (x86)\Microsoft Visual Studio 12.0\VC\bin\CL.exe /c /I"C:\SFML\SFML-2.1\include" /Zi /nologo /W3 /WX- /sdl /O2 /Oi /Oy- /GL /D WIN32 /D NDEBUG /D _CONSOLE /D _LIB /D _UNICODE /D UNICODE /Gm- /EHsc /MD /GS /Gy /fp:precise /Zc:wchar_t /Zc:forScope /Fo"Release\\" /Fd"Release\vc120.pdb" /Gd /TP /analyze- /errorReport:prompt Main.cpp
         Main.cpp
     1>Main.cpp(108): warning C4244: 'argument' : conversion from 'time_t' to 'unsigned int', possible loss of data
     1>Main.cpp(552): warning C4244: 'argument' : conversion from 'unsigned int' to 'float', possible loss of data
     1>Main.cpp(555): warning C4244: 'argument' : conversion from 'const float' to 'int', possible loss of data
     1>Main.cpp(564): warning C4244: 'argument' : conversion from 'const int' to 'float', possible loss of data
     1>Main.cpp(570): warning C4244: 'argument' : conversion from 'const int' to 'float', possible loss of data
     1>Main.cpp(610): warning C4244: 'argument' : conversion from 'double' to 'float', possible loss of data
     1>Main.cpp(613): warning C4244: 'argument' : conversion from 'double' to 'float', possible loss of data
     1>Main.cpp(641): warning C4244: 'argument' : conversion from 'double' to 'float', possible loss of data
     1>Main.cpp(641): warning C4244: 'argument' : conversion from 'unsigned int' to 'float', possible loss of data
     1>Main.cpp(705): warning C4244: 'initializing' : conversion from 'double' to 'int', possible loss of data
     1>Main.cpp(709): warning C4244: 'argument' : conversion from 'double' to 'unsigned int', possible loss of data
     1>Main.cpp(710): warning C4244: 'argument' : conversion from 'double' to 'float', possible loss of data
     1>Main.cpp(710): warning C4244: 'argument' : conversion from 'int' to 'float', possible loss of data
     1>Main.cpp(725): warning C4244: 'initializing' : conversion from 'int' to 'const float', possible loss of data
     1>Main.cpp(726): warning C4244: 'initializing' : conversion from 'int' to 'const float', possible loss of data
     1>Main.cpp(764): warning C4244: 'argument' : conversion from 'unsigned int' to 'float', possible loss of data
     1>Main.cpp(770): warning C4244: 'argument' : conversion from 'unsigned int' to 'float', possible loss of data
     1>Main.cpp(776): warning C4244: 'argument' : conversion from 'unsigned int' to 'float', possible loss of data
     1>Main.cpp(817): warning C4244: 'argument' : conversion from 'unsigned int' to 'float', possible loss of data
     1>Main.cpp(823): warning C4244: 'argument' : conversion from 'unsigned int' to 'float', possible loss of data
     1>Main.cpp(829): warning C4244: 'argument' : conversion from 'unsigned int' to 'float', possible loss of data
     1>Main.cpp(866): warning C4244: 'argument' : conversion from 'unsigned int' to 'float', possible loss of data
     1>Main.cpp(872): warning C4244: 'argument' : conversion from 'unsigned int' to 'float', possible loss of data
     1>Main.cpp(896): warning C4244: 'argument' : conversion from 'unsigned int' to 'float', possible loss of data
       Link:
         C:\Program Files (x86)\Microsoft Visual Studio 12.0\VC\bin\link.exe /ERRORREPORT:PROMPT /OUT:"D:\C & C++\Minesweeper (SFML)\Release\Minesweeper (SFML).exe" /INCREMENTAL:NO /NOLOGO /LIBPATH:"C:\SFML\SFML-2.1\Libs\Release" "sfml-graphics.lib" "sfml-window.lib" "sfml-system.lib" kernel32.lib user32.lib gdi32.lib winspool.lib comdlg32.lib advapi32.lib shell32.lib ole32.lib oleaut32.lib uuid.lib odbc32.lib odbccp32.lib /MANIFEST /MANIFESTUAC:"level='asInvoker' uiAccess='false'" /manifest:embed /DEBUG /PDB:"D:\C & C++\Minesweeper (SFML)\Release\Minesweeper (SFML).pdb" /SUBSYSTEM:CONSOLE /OPT:REF /OPT:ICF /LTCG /TLBID:1 /DYNAMICBASE /NXCOMPAT /IMPLIB:"D:\C & C++\Minesweeper (SFML)\Release\Minesweeper (SFML).lib" /MACHINE:X86 /SAFESEH Release\Main.obj
         Generating code
     1>d:\c & c++\minesweeper (sfml)\minesweeper (sfml)\main.cpp(751): warning C4715: 'playGame' : not all control paths return a value
         Finished generating code
         Minesweeper (SFML).vcxproj -> D:\C & C++\Minesweeper (SFML)\Release\Minesweeper (SFML).exe
     1>Done Building Project "D:\C & C++\Minesweeper (SFML)\Minesweeper (SFML)\Minesweeper (SFML).vcxproj" (Build target(s)).

Build succeeded.

Time Elapsed 00:00:03.74
